<?xml version="1.0" encoding="UTF-8"?>
<robot generator="Robot 3.2.1 (Python 3.8.2 on darwin)" generated="20210319 14:19:21.857" rpa="false">
<suite id="s1" name="Selenium Chotot" source="/Users/anhpham/Learn/InterviewAssignment/chotot_assignment/selenium_chotot">
<suite id="s1-s1" name="Tests" source="/Users/anhpham/Learn/InterviewAssignment/chotot_assignment/selenium_chotot/Tests">
<kw name="Setup All" type="setup">
<kw name="Set Selenium Timeout" library="SeleniumLibrary">
<doc>Sets the timeout that is used by various keywords.</doc>
<arguments>
<arg>20 seconds</arg>
</arguments>
<status status="PASS" starttime="20210319 14:19:22.213" endtime="20210319 14:19:22.213"></status>
</kw>
<kw name="Setup Browser Drivers" library="Initialize">
<kw name="Evaluate" library="BuiltIn">
<doc>Evaluates the given expression in Python and returns the result.</doc>
<arguments>
<arg>platform.system()</arg>
<arg>platform</arg>
</arguments>
<assign>
<var>${system}</var>
</assign>
<msg timestamp="20210319 14:19:22.214" level="INFO">${system} = Darwin</msg>
<status status="PASS" starttime="20210319 14:19:22.213" endtime="20210319 14:19:22.214"></status>
</kw>
<kw name="Log To Console" library="BuiltIn">
<doc>Logs the given message to the console.</doc>
<arguments>
<arg>\nI am running on ${system}</arg>
</arguments>
<status status="PASS" starttime="20210319 14:19:22.214" endtime="20210319 14:19:22.214"></status>
</kw>
<kw name="Append To Environment Variable" library="OperatingSystem">
<doc>Appends given ``values`` to environment variable ``name``.</doc>
<arguments>
<arg>PATH</arg>
<arg>${bin_path}/${system}/</arg>
</arguments>
<msg timestamp="20210319 14:19:22.214" level="INFO">Environment variable 'PATH' set to value '/Users/anhpham/.local/share/virtualenvs/chotot_assignment-ubQCyvw1/bin:/usr/local/Cellar/pipenv/2018.11.26_4/libexec/tools:/Users/anhpham/Library/Android/sdk/build-tools/29.0.6:/Users/anhpham/Library/Android/sdk/emulator:/Users/anhpham/Library/Android/sdk/tools:/Users/anhpham/Library/Android/sdk/tools:/Users/anhpham/Library/Android/sdk/tools/bin:/Users/anhpham/Library/Android/sdk/platform-tools:/Users/anhpham/Library/Android/sdk/emulator:/Users/anhpham/Tools/apache-maven-3.6.3/bin:/Library/Java/JavaVirtualMachines/jdk1.8.0_251.jdk/Contents/Home/bin/:/Applications/Chrome Apps.localized/Contents/MacOS:/Library/Frameworks/Python.framework/Versions/3.8/bin:/Users/anhpham/Library/Application Support/Neo4j Desktop/Application/neo4jDatabases/database-18471ec0-0f89-40c4-9182-cc10801da543/installation-3.5.17/bin:/Users/anhpham/.nvm/versions/node/v6.17.1/bin:/usr/local/bin:/usr/bin:/bin:/usr/sbin:/sbin:/Library/Apple/usr/bin:/Users/anhpham/Learn/InterviewAssignment/chotot_assignment/Resources/bin/Darwin/'.</msg>
<status status="PASS" starttime="20210319 14:19:22.214" endtime="20210319 14:19:22.214"></status>
</kw>
<kw name="Set Environment Variable" library="OperatingSystem">
<doc>Sets an environment variable to a specified value.</doc>
<arguments>
<arg>webdriver.chrome.driver</arg>
<arg>${bin_path}/${system}/chromedriver</arg>
</arguments>
<msg timestamp="20210319 14:19:22.215" level="INFO">Environment variable 'webdriver.chrome.driver' set to value '/Users/anhpham/Learn/InterviewAssignment/chotot_assignment/Resources/bin/Darwin/chromedriver'.</msg>
<status status="PASS" starttime="20210319 14:19:22.215" endtime="20210319 14:19:22.215"></status>
</kw>
<status status="PASS" starttime="20210319 14:19:22.213" endtime="20210319 14:19:22.215"></status>
</kw>
<status status="PASS" starttime="20210319 14:19:22.212" endtime="20210319 14:19:22.215"></status>
</kw>
<suite id="s1-s1-s1" name="Login" source="/Users/anhpham/Learn/InterviewAssignment/chotot_assignment/selenium_chotot/Tests/Login">
<suite id="s1-s1-s1-s1" name="Chotot Login" source="/Users/anhpham/Learn/InterviewAssignment/chotot_assignment/selenium_chotot/Tests/Login/Chotot_Login.robot">
<kw name="Open Brower and Navigating to Home Page" type="setup">
<kw name="Open Browser to the Home Page" library="Common">
<doc>Opens the browser and navigates to the home page</doc>
<kw name="Evaluate" library="BuiltIn">
<doc>Evaluates the given expression in Python and returns the result.</doc>
<arguments>
<arg>sys.modules['selenium.webdriver'].ChromeOptions()</arg>
<arg>sys</arg>
</arguments>
<assign>
<var>${chrome_options}</var>
</assign>
<msg timestamp="20210319 14:19:22.228" level="INFO">${chrome_options} = &lt;selenium.webdriver.chrome.options.Options object at 0x1022f6610&gt;</msg>
<status status="PASS" starttime="20210319 14:19:22.228" endtime="20210319 14:19:22.228"></status>
</kw>
<kw name="Run Keyword If" library="BuiltIn">
<doc>Runs the given keyword with the given arguments, if ``condition`` is true.</doc>
<arguments>
<arg>${headless}==${true}</arg>
<arg>Call Method</arg>
<arg>${chrome_options}</arg>
<arg>add_argument</arg>
<arg>--headless</arg>
</arguments>
<status status="PASS" starttime="20210319 14:19:22.228" endtime="20210319 14:19:22.228"></status>
</kw>
<kw name="Call Method" library="BuiltIn">
<doc>Calls the named method of the given object with the provided arguments.</doc>
<arguments>
<arg>${chrome_options}</arg>
<arg>add_argument</arg>
<arg>--remote-debugging-port\=${remote_debug_port}</arg>
</arguments>
<status status="PASS" starttime="20210319 14:19:22.229" endtime="20210319 14:19:22.229"></status>
</kw>
<kw name="Call Method" library="BuiltIn">
<doc>Calls the named method of the given object with the provided arguments.</doc>
<arguments>
<arg>${chrome_options}</arg>
<arg>to_capabilities</arg>
</arguments>
<assign>
<var>${options}</var>
</assign>
<msg timestamp="20210319 14:19:22.229" level="INFO">${options} = {'browserName': 'chrome', 'version': '', 'platform': 'ANY', 'goog:chromeOptions': {'extensions': [], 'args': ['--remote-debugging-port=9223']}}</msg>
<status status="PASS" starttime="20210319 14:19:22.229" endtime="20210319 14:19:22.229"></status>
</kw>
<kw name="Open Browser" library="SeleniumLibrary">
<doc>Opens a new browser instance to the optional ``url``.</doc>
<arguments>
<arg>url=${siteUrl}</arg>
<arg>browser=${BROWSER}</arg>
<arg>desired_capabilities=${options}</arg>
</arguments>
<msg timestamp="20210319 14:19:22.230" level="INFO">Opening browser 'chrome' to base url 'https://www.chotot.com/'.</msg>
<status status="PASS" starttime="20210319 14:19:22.229" endtime="20210319 14:19:28.578"></status>
</kw>
<kw name="Run Keyword If" library="BuiltIn">
<doc>Runs the given keyword with the given arguments, if ``condition`` is true.</doc>
<arguments>
<arg>${headless}==${true}</arg>
<arg>Set Window Size</arg>
<arg>1366</arg>
<arg>768</arg>
</arguments>
<status status="PASS" starttime="20210319 14:19:28.579" endtime="20210319 14:19:28.580"></status>
</kw>
<kw name="Run Keyword If" library="BuiltIn">
<doc>Runs the given keyword with the given arguments, if ``condition`` is true.</doc>
<arguments>
<arg>${headless}==${false}</arg>
<arg>Maximize Browser Window</arg>
</arguments>
<kw name="Maximize Browser Window" library="SeleniumLibrary">
<doc>Maximizes current browser window.</doc>
<status status="PASS" starttime="20210319 14:19:28.581" endtime="20210319 14:19:28.742"></status>
</kw>
<status status="PASS" starttime="20210319 14:19:28.580" endtime="20210319 14:19:28.742"></status>
</kw>
<kw name="Get Window Size" library="SeleniumLibrary">
<doc>Returns current window width and height as integers.</doc>
<assign>
<var>${width}</var>
<var>${height}</var>
</assign>
<msg timestamp="20210319 14:19:28.748" level="INFO">${width} = 1440</msg>
<msg timestamp="20210319 14:19:28.748" level="INFO">${height} = 877</msg>
<status status="PASS" starttime="20210319 14:19:28.743" endtime="20210319 14:19:28.748"></status>
</kw>
<kw name="Log" library="BuiltIn">
<doc>Logs the given message with the given level.</doc>
<arguments>
<arg>Display Resolution:${width}x${height}</arg>
</arguments>
<msg timestamp="20210319 14:19:28.748" level="INFO">Display Resolution:1440x877</msg>
<status status="PASS" starttime="20210319 14:19:28.748" endtime="20210319 14:19:28.748"></status>
</kw>
<status status="PASS" starttime="20210319 14:19:22.228" endtime="20210319 14:19:28.748"></status>
</kw>
<kw name="Go To" library="SeleniumLibrary">
<doc>Navigates the current browser window to the provided ``url``.</doc>
<arguments>
<arg>${siteUrl}</arg>
</arguments>
<msg timestamp="20210319 14:19:28.749" level="INFO">Opening url 'https://www.chotot.com/'</msg>
<status status="PASS" starttime="20210319 14:19:28.748" endtime="20210319 14:19:29.622"></status>
</kw>
<status status="PASS" starttime="20210319 14:19:22.227" endtime="20210319 14:19:29.623"></status>
</kw>
<test id="s1-s1-s1-s1-t1" name="Verify Text Field Label">
<kw name="Go To Login Page" type="setup">
<kw name="Navigate To Login Page" library="Home_Page">
<kw name="Click Element" library="SeleniumLibrary">
<doc>Click the element identified by ``locator``.</doc>
<arguments>
<arg>${LOGIN_BUTTON}</arg>
</arguments>
<msg timestamp="20210319 14:19:29.626" level="INFO">Clicking element 'xpath://a[contains(@href,"https://accounts.chotot.com?continue")]'.</msg>
<status status="PASS" starttime="20210319 14:19:29.626" endtime="20210319 14:19:34.374"></status>
</kw>
<status status="PASS" starttime="20210319 14:19:29.625" endtime="20210319 14:19:34.374"></status>
</kw>
<kw name="Wait Until Page Contains" library="SeleniumLibrary">
<doc>Waits until ``text`` appears on the current page.</doc>
<arguments>
<arg>Chào bạn quay lại</arg>
</arguments>
<status status="PASS" starttime="20210319 14:19:34.374" endtime="20210319 14:19:34.386"></status>
</kw>
<status status="PASS" starttime="20210319 14:19:29.625" endtime="20210319 14:19:34.387"></status>
</kw>
<kw name="Verify Text Place Holder of SDT Field" library="Login_Page">
<arguments>
<arg>Nhập SĐT của bạn</arg>
</arguments>
<kw name="Get Element Attribute" library="SeleniumLibrary">
<doc>Returns the value of ``attribute`` from the element ``locator``.</doc>
<arguments>
<arg>${LOGIN_SDT}</arg>
<arg>placeholder</arg>
</arguments>
<assign>
<var>${actText}</var>
</assign>
<msg timestamp="20210319 14:19:34.402" level="INFO">${actText} = Nhập SĐT của bạn</msg>
<status status="PASS" starttime="20210319 14:19:34.387" endtime="20210319 14:19:34.403"></status>
</kw>
<kw name="Should Be Equal" library="BuiltIn">
<doc>Fails if the given objects are unequal.</doc>
<arguments>
<arg>${expText}</arg>
<arg>${actText}</arg>
</arguments>
<status status="PASS" starttime="20210319 14:19:34.403" endtime="20210319 14:19:34.403"></status>
</kw>
<status status="PASS" starttime="20210319 14:19:34.387" endtime="20210319 14:19:34.403"></status>
</kw>
<kw name="Verify Text Place Holder of Password Field" library="Login_Page">
<arguments>
<arg>Nhập mật khẩu của bạn</arg>
</arguments>
<kw name="Get Element Attribute" library="SeleniumLibrary">
<doc>Returns the value of ``attribute`` from the element ``locator``.</doc>
<arguments>
<arg>${LOGIN_PASSWORD}</arg>
<arg>placeholder</arg>
</arguments>
<assign>
<var>${actText}</var>
</assign>
<msg timestamp="20210319 14:19:34.419" level="INFO">${actText} = Nhập mật khẩu của bạn</msg>
<status status="PASS" starttime="20210319 14:19:34.405" endtime="20210319 14:19:34.419"></status>
</kw>
<kw name="Should Be Equal" library="BuiltIn">
<doc>Fails if the given objects are unequal.</doc>
<arguments>
<arg>${expText}</arg>
<arg>${actText}</arg>
</arguments>
<status status="PASS" starttime="20210319 14:19:34.419" endtime="20210319 14:19:34.419"></status>
</kw>
<status status="PASS" starttime="20210319 14:19:34.404" endtime="20210319 14:19:34.419"></status>
</kw>
<kw name="Back To Home Page" type="teardown">
<kw name="Go To" library="SeleniumLibrary">
<doc>Navigates the current browser window to the provided ``url``.</doc>
<arguments>
<arg>${siteUrl}</arg>
</arguments>
<msg timestamp="20210319 14:19:34.420" level="INFO">Opening url 'https://www.chotot.com/'</msg>
<status status="PASS" starttime="20210319 14:19:34.420" endtime="20210319 14:19:35.202"></status>
</kw>
<status status="PASS" starttime="20210319 14:19:34.420" endtime="20210319 14:19:35.202"></status>
</kw>
<tags>
<tag>login</tag>
</tags>
<status status="PASS" starttime="20210319 14:19:29.623" endtime="20210319 14:19:35.202" critical="yes"></status>
</test>
<test id="s1-s1-s1-s1-t2" name="Verify Text Field Label">
<kw name="Go To Login Page" type="setup">
<kw name="Navigate To Login Page" library="Home_Page">
<kw name="Click Element" library="SeleniumLibrary">
<doc>Click the element identified by ``locator``.</doc>
<arguments>
<arg>${LOGIN_BUTTON}</arg>
</arguments>
<msg timestamp="20210319 14:19:35.207" level="INFO">Clicking element 'xpath://a[contains(@href,"https://accounts.chotot.com?continue")]'.</msg>
<status status="PASS" starttime="20210319 14:19:35.206" endtime="20210319 14:19:36.519"></status>
</kw>
<status status="PASS" starttime="20210319 14:19:35.206" endtime="20210319 14:19:36.519"></status>
</kw>
<kw name="Wait Until Page Contains" library="SeleniumLibrary">
<doc>Waits until ``text`` appears on the current page.</doc>
<arguments>
<arg>Chào bạn quay lại</arg>
</arguments>
<status status="PASS" starttime="20210319 14:19:36.519" endtime="20210319 14:19:36.528"></status>
</kw>
<status status="PASS" starttime="20210319 14:19:35.206" endtime="20210319 14:19:36.528"></status>
</kw>
<kw name="Verify Text Place Holder of SDT Field" library="Login_Page">
<arguments>
<arg>Nhập SĐT của bạn</arg>
</arguments>
<kw name="Get Element Attribute" library="SeleniumLibrary">
<doc>Returns the value of ``attribute`` from the element ``locator``.</doc>
<arguments>
<arg>${LOGIN_SDT}</arg>
<arg>placeholder</arg>
</arguments>
<assign>
<var>${actText}</var>
</assign>
<msg timestamp="20210319 14:19:36.541" level="INFO">${actText} = Nhập SĐT của bạn</msg>
<status status="PASS" starttime="20210319 14:19:36.529" endtime="20210319 14:19:36.541"></status>
</kw>
<kw name="Should Be Equal" library="BuiltIn">
<doc>Fails if the given objects are unequal.</doc>
<arguments>
<arg>${expText}</arg>
<arg>${actText}</arg>
</arguments>
<status status="PASS" starttime="20210319 14:19:36.541" endtime="20210319 14:19:36.542"></status>
</kw>
<status status="PASS" starttime="20210319 14:19:36.528" endtime="20210319 14:19:36.542"></status>
</kw>
<kw name="Verify Text Place Holder of Password Field" library="Login_Page">
<arguments>
<arg>Nhập mật khẩu của bạn</arg>
</arguments>
<kw name="Get Element Attribute" library="SeleniumLibrary">
<doc>Returns the value of ``attribute`` from the element ``locator``.</doc>
<arguments>
<arg>${LOGIN_PASSWORD}</arg>
<arg>placeholder</arg>
</arguments>
<assign>
<var>${actText}</var>
</assign>
<msg timestamp="20210319 14:19:36.553" level="INFO">${actText} = Nhập mật khẩu của bạn</msg>
<status status="PASS" starttime="20210319 14:19:36.542" endtime="20210319 14:19:36.553"></status>
</kw>
<kw name="Should Be Equal" library="BuiltIn">
<doc>Fails if the given objects are unequal.</doc>
<arguments>
<arg>${expText}</arg>
<arg>${actText}</arg>
</arguments>
<status status="PASS" starttime="20210319 14:19:36.553" endtime="20210319 14:19:36.554"></status>
</kw>
<status status="PASS" starttime="20210319 14:19:36.542" endtime="20210319 14:19:36.555"></status>
</kw>
<kw name="Back To Home Page" type="teardown">
<kw name="Go To" library="SeleniumLibrary">
<doc>Navigates the current browser window to the provided ``url``.</doc>
<arguments>
<arg>${siteUrl}</arg>
</arguments>
<msg timestamp="20210319 14:19:36.556" level="INFO">Opening url 'https://www.chotot.com/'</msg>
<status status="PASS" starttime="20210319 14:19:36.555" endtime="20210319 14:19:37.622"></status>
</kw>
<status status="PASS" starttime="20210319 14:19:36.555" endtime="20210319 14:19:37.622"></status>
</kw>
<tags>
<tag>login</tag>
</tags>
<status status="PASS" starttime="20210319 14:19:35.204" endtime="20210319 14:19:37.622" critical="yes"></status>
</test>
<test id="s1-s1-s1-s1-t3" name="Verify Login With Invalid Password">
<kw name="Go To Login Page" type="setup">
<kw name="Navigate To Login Page" library="Home_Page">
<kw name="Click Element" library="SeleniumLibrary">
<doc>Click the element identified by ``locator``.</doc>
<arguments>
<arg>${LOGIN_BUTTON}</arg>
</arguments>
<msg timestamp="20210319 14:19:37.625" level="INFO">Clicking element 'xpath://a[contains(@href,"https://accounts.chotot.com?continue")]'.</msg>
<status status="PASS" starttime="20210319 14:19:37.625" endtime="20210319 14:19:44.339"></status>
</kw>
<status status="PASS" starttime="20210319 14:19:37.625" endtime="20210319 14:19:44.340"></status>
</kw>
<kw name="Wait Until Page Contains" library="SeleniumLibrary">
<doc>Waits until ``text`` appears on the current page.</doc>
<arguments>
<arg>Chào bạn quay lại</arg>
</arguments>
<status status="PASS" starttime="20210319 14:19:44.340" endtime="20210319 14:19:44.348"></status>
</kw>
<status status="PASS" starttime="20210319 14:19:37.624" endtime="20210319 14:19:44.348"></status>
</kw>
<kw name="Login With Invalid Password">
<arguments>
<arg>${PWD_NOT_ENOUGH}</arg>
<arg>${ERR_PWD_NOT_ENOUGH}</arg>
</arguments>
<kw name="Enter SDT" library="Login_Page">
<arguments>
<arg>${SDT_VALID}</arg>
</arguments>
<kw name="Input Text" library="SeleniumLibrary">
<doc>Types the given ``text`` into the text field identified by ``locator``.</doc>
<arguments>
<arg>${LOGIN_SDT}</arg>
<arg>${sdt}</arg>
</arguments>
<msg timestamp="20210319 14:19:44.350" level="INFO">Typing text '0353312920' into text field 'xpath://input[@type="tel"]'.</msg>
<status status="PASS" starttime="20210319 14:19:44.349" endtime="20210319 14:19:44.545"></status>
</kw>
<status status="PASS" starttime="20210319 14:19:44.349" endtime="20210319 14:19:44.545"></status>
</kw>
<kw name="Enter Password" library="Login_Page">
<arguments>
<arg>${password}</arg>
</arguments>
<kw name="Input Text" library="SeleniumLibrary">
<doc>Types the given ``text`` into the text field identified by ``locator``.</doc>
<arguments>
<arg>${LOGIN_PASSWORD}</arg>
<arg>${password}</arg>
</arguments>
<msg timestamp="20210319 14:19:44.546" level="INFO">Typing text 'pwd' into text field 'xpath://input[@type="password"]'.</msg>
<status status="PASS" starttime="20210319 14:19:44.546" endtime="20210319 14:19:44.631"></status>
</kw>
<status status="PASS" starttime="20210319 14:19:44.545" endtime="20210319 14:19:44.631"></status>
</kw>
<kw name="Click Log In Button" library="Login_Page">
<kw name="Click Button" library="SeleniumLibrary">
<doc>Clicks the button identified by ``locator``.</doc>
<arguments>
<arg>${LOGIN_LOG_IN_BUTTON}</arg>
</arguments>
<msg timestamp="20210319 14:19:44.633" level="INFO">Clicking button 'xpath://button[@type="submit"]'.</msg>
<status status="PASS" starttime="20210319 14:19:44.632" endtime="20210319 14:19:44.724"></status>
</kw>
<status status="PASS" starttime="20210319 14:19:44.631" endtime="20210319 14:19:44.724"></status>
</kw>
<kw name="Error Msg Should Be Show">
<arguments>
<arg>${errMsg}</arg>
</arguments>
<kw name="Wait Until Page Contains Element" library="SeleniumLibrary">
<doc>Waits until the element ``locator`` appears on the current page.</doc>
<arguments>
<arg>${ERROR_MSG}</arg>
</arguments>
<status status="PASS" starttime="20210319 14:19:44.725" endtime="20210319 14:19:44.776"></status>
</kw>
<kw name="Page Should Contain" library="SeleniumLibrary">
<doc>Verifies that current page contains ``text``.</doc>
<arguments>
<arg>${errMsg}</arg>
</arguments>
<msg timestamp="20210319 14:19:44.790" level="INFO">Current page contains text 'Password: Mật khẩu phải có ít nhất 5 kí tự.'.</msg>
<status status="PASS" starttime="20210319 14:19:44.776" endtime="20210319 14:19:44.790"></status>
</kw>
<status status="PASS" starttime="20210319 14:19:44.724" endtime="20210319 14:19:44.790"></status>
</kw>
<status status="PASS" starttime="20210319 14:19:44.348" endtime="20210319 14:19:44.790"></status>
</kw>
<kw name="Login With Invalid Password">
<arguments>
<arg>${PWD_INVALID}</arg>
<arg>${ERR_PWD_INVALID}</arg>
</arguments>
<kw name="Enter SDT" library="Login_Page">
<arguments>
<arg>${SDT_VALID}</arg>
</arguments>
<kw name="Input Text" library="SeleniumLibrary">
<doc>Types the given ``text`` into the text field identified by ``locator``.</doc>
<arguments>
<arg>${LOGIN_SDT}</arg>
<arg>${sdt}</arg>
</arguments>
<msg timestamp="20210319 14:19:44.792" level="INFO">Typing text '0353312920' into text field 'xpath://input[@type="tel"]'.</msg>
<status status="PASS" starttime="20210319 14:19:44.791" endtime="20210319 14:19:44.905"></status>
</kw>
<status status="PASS" starttime="20210319 14:19:44.791" endtime="20210319 14:19:44.905"></status>
</kw>
<kw name="Enter Password" library="Login_Page">
<arguments>
<arg>${password}</arg>
</arguments>
<kw name="Input Text" library="SeleniumLibrary">
<doc>Types the given ``text`` into the text field identified by ``locator``.</doc>
<arguments>
<arg>${LOGIN_PASSWORD}</arg>
<arg>${password}</arg>
</arguments>
<msg timestamp="20210319 14:19:44.907" level="INFO">Typing text 'pwdsdfsd' into text field 'xpath://input[@type="password"]'.</msg>
<status status="PASS" starttime="20210319 14:19:44.906" endtime="20210319 14:19:45.016"></status>
</kw>
<status status="PASS" starttime="20210319 14:19:44.906" endtime="20210319 14:19:45.017"></status>
</kw>
<kw name="Click Log In Button" library="Login_Page">
<kw name="Click Button" library="SeleniumLibrary">
<doc>Clicks the button identified by ``locator``.</doc>
<arguments>
<arg>${LOGIN_LOG_IN_BUTTON}</arg>
</arguments>
<msg timestamp="20210319 14:19:45.018" level="INFO">Clicking button 'xpath://button[@type="submit"]'.</msg>
<status status="PASS" starttime="20210319 14:19:45.017" endtime="20210319 14:19:45.102"></status>
</kw>
<status status="PASS" starttime="20210319 14:19:45.017" endtime="20210319 14:19:45.102"></status>
</kw>
<kw name="Error Msg Should Be Show">
<arguments>
<arg>${errMsg}</arg>
</arguments>
<kw name="Wait Until Page Contains Element" library="SeleniumLibrary">
<doc>Waits until the element ``locator`` appears on the current page.</doc>
<arguments>
<arg>${ERROR_MSG}</arg>
</arguments>
<status status="PASS" starttime="20210319 14:19:45.103" endtime="20210319 14:19:45.112"></status>
</kw>
<kw name="Page Should Contain" library="SeleniumLibrary">
<doc>Verifies that current page contains ``text``.</doc>
<arguments>
<arg>${errMsg}</arg>
</arguments>
<msg timestamp="20210319 14:19:45.126" level="INFO">Current page contains text 'Số điện thoại hoặc mật khẩu chưa đúng, vui lòng kiểm tra lại. Bạn chỉ còn 4 lần thử lại.'.</msg>
<status status="PASS" starttime="20210319 14:19:45.112" endtime="20210319 14:19:45.126"></status>
</kw>
<status status="PASS" starttime="20210319 14:19:45.103" endtime="20210319 14:19:45.126"></status>
</kw>
<status status="PASS" starttime="20210319 14:19:44.791" endtime="20210319 14:19:45.126"></status>
</kw>
<kw name="Back To Home Page" type="teardown">
<kw name="Go To" library="SeleniumLibrary">
<doc>Navigates the current browser window to the provided ``url``.</doc>
<arguments>
<arg>${siteUrl}</arg>
</arguments>
<msg timestamp="20210319 14:19:45.128" level="INFO">Opening url 'https://www.chotot.com/'</msg>
<status status="PASS" starttime="20210319 14:19:45.127" endtime="20210319 14:19:45.908"></status>
</kw>
<status status="PASS" starttime="20210319 14:19:45.127" endtime="20210319 14:19:45.909"></status>
</kw>
<tags>
<tag>login</tag>
</tags>
<status status="PASS" starttime="20210319 14:19:37.623" endtime="20210319 14:19:45.909" critical="yes"></status>
</test>
<test id="s1-s1-s1-s1-t4" name="Verify Login With Empty User/Password">
<kw name="Go To Login Page" type="setup">
<kw name="Navigate To Login Page" library="Home_Page">
<kw name="Click Element" library="SeleniumLibrary">
<doc>Click the element identified by ``locator``.</doc>
<arguments>
<arg>${LOGIN_BUTTON}</arg>
</arguments>
<msg timestamp="20210319 14:19:45.913" level="INFO">Clicking element 'xpath://a[contains(@href,"https://accounts.chotot.com?continue")]'.</msg>
<status status="PASS" starttime="20210319 14:19:45.912" endtime="20210319 14:19:47.115"></status>
</kw>
<status status="PASS" starttime="20210319 14:19:45.912" endtime="20210319 14:19:47.115"></status>
</kw>
<kw name="Wait Until Page Contains" library="SeleniumLibrary">
<doc>Waits until ``text`` appears on the current page.</doc>
<arguments>
<arg>Chào bạn quay lại</arg>
</arguments>
<status status="PASS" starttime="20210319 14:19:47.115" endtime="20210319 14:19:47.124"></status>
</kw>
<status status="PASS" starttime="20210319 14:19:45.911" endtime="20210319 14:19:47.124"></status>
</kw>
<kw name="Login With Empty SDT or Password">
<arguments>
<arg>${SDT_VALID}</arg>
<arg>${EMPTY}</arg>
</arguments>
<kw name="Enter SDT" library="Login_Page">
<arguments>
<arg>${sdt}</arg>
</arguments>
<kw name="Input Text" library="SeleniumLibrary">
<doc>Types the given ``text`` into the text field identified by ``locator``.</doc>
<arguments>
<arg>${LOGIN_SDT}</arg>
<arg>${sdt}</arg>
</arguments>
<msg timestamp="20210319 14:19:47.126" level="INFO">Typing text '0353312920' into text field 'xpath://input[@type="tel"]'.</msg>
<status status="PASS" starttime="20210319 14:19:47.126" endtime="20210319 14:19:47.255"></status>
</kw>
<status status="PASS" starttime="20210319 14:19:47.126" endtime="20210319 14:19:47.255"></status>
</kw>
<kw name="Enter Password" library="Login_Page">
<arguments>
<arg>${password}</arg>
</arguments>
<kw name="Input Text" library="SeleniumLibrary">
<doc>Types the given ``text`` into the text field identified by ``locator``.</doc>
<arguments>
<arg>${LOGIN_PASSWORD}</arg>
<arg>${password}</arg>
</arguments>
<msg timestamp="20210319 14:19:47.256" level="INFO">Typing text '' into text field 'xpath://input[@type="password"]'.</msg>
<status status="PASS" starttime="20210319 14:19:47.256" endtime="20210319 14:19:47.319"></status>
</kw>
<status status="PASS" starttime="20210319 14:19:47.255" endtime="20210319 14:19:47.319"></status>
</kw>
<kw name="Login Button Should Be Disabled" library="Login_Page">
<kw name="Element Should Be Disabled" library="SeleniumLibrary">
<doc>Verifies that element identified by ``locator`` is disabled.</doc>
<arguments>
<arg>${LOGIN_LOG_IN_BUTTON}</arg>
</arguments>
<status status="PASS" starttime="20210319 14:19:47.319" endtime="20210319 14:19:47.335"></status>
</kw>
<status status="PASS" starttime="20210319 14:19:47.319" endtime="20210319 14:19:47.335"></status>
</kw>
<status status="PASS" starttime="20210319 14:19:47.125" endtime="20210319 14:19:47.335"></status>
</kw>
<kw name="Login With Empty SDT or Password">
<arguments>
<arg>${EMPTY}</arg>
<arg>${PWD_VALID}</arg>
</arguments>
<kw name="Enter SDT" library="Login_Page">
<arguments>
<arg>${sdt}</arg>
</arguments>
<kw name="Input Text" library="SeleniumLibrary">
<doc>Types the given ``text`` into the text field identified by ``locator``.</doc>
<arguments>
<arg>${LOGIN_SDT}</arg>
<arg>${sdt}</arg>
</arguments>
<msg timestamp="20210319 14:19:47.336" level="INFO">Typing text '' into text field 'xpath://input[@type="tel"]'.</msg>
<status status="PASS" starttime="20210319 14:19:47.336" endtime="20210319 14:19:47.457"></status>
</kw>
<status status="PASS" starttime="20210319 14:19:47.336" endtime="20210319 14:19:47.457"></status>
</kw>
<kw name="Enter Password" library="Login_Page">
<arguments>
<arg>${password}</arg>
</arguments>
<kw name="Input Text" library="SeleniumLibrary">
<doc>Types the given ``text`` into the text field identified by ``locator``.</doc>
<arguments>
<arg>${LOGIN_PASSWORD}</arg>
<arg>${password}</arg>
</arguments>
<msg timestamp="20210319 14:19:47.458" level="INFO">Typing text 'Binhan@1993' into text field 'xpath://input[@type="password"]'.</msg>
<status status="PASS" starttime="20210319 14:19:47.458" endtime="20210319 14:19:47.547"></status>
</kw>
<status status="PASS" starttime="20210319 14:19:47.457" endtime="20210319 14:19:47.547"></status>
</kw>
<kw name="Login Button Should Be Disabled" library="Login_Page">
<kw name="Element Should Be Disabled" library="SeleniumLibrary">
<doc>Verifies that element identified by ``locator`` is disabled.</doc>
<arguments>
<arg>${LOGIN_LOG_IN_BUTTON}</arg>
</arguments>
<kw name="Capture Page Screenshot" library="SeleniumLibrary">
<doc>Takes a screenshot of the current page and embeds it into a log file.</doc>
<msg timestamp="20210319 14:19:48.120" level="INFO" html="yes">&lt;/td&gt;&lt;/tr&gt;&lt;tr&gt;&lt;td colspan="3"&gt;&lt;a href="selenium-screenshot-1.png"&gt;&lt;img src="selenium-screenshot-1.png" width="800px"&gt;&lt;/a&gt;</msg>
<status status="PASS" starttime="20210319 14:19:47.564" endtime="20210319 14:19:48.120"></status>
</kw>
<msg timestamp="20210319 14:19:48.124" level="FAIL">Element 'xpath://button[@type="submit"]' is enabled.</msg>
<status status="FAIL" starttime="20210319 14:19:47.548" endtime="20210319 14:19:48.124"></status>
</kw>
<status status="FAIL" starttime="20210319 14:19:47.547" endtime="20210319 14:19:48.124"></status>
</kw>
<status status="FAIL" starttime="20210319 14:19:47.335" endtime="20210319 14:19:48.125"></status>
</kw>
<kw name="Login With Empty SDT or Password">
<arguments>
<arg>${EMPTY}</arg>
<arg>${EMPTY}</arg>
</arguments>
<kw name="Enter SDT" library="Login_Page">
<arguments>
<arg>${sdt}</arg>
</arguments>
<kw name="Input Text" library="SeleniumLibrary">
<doc>Types the given ``text`` into the text field identified by ``locator``.</doc>
<arguments>
<arg>${LOGIN_SDT}</arg>
<arg>${sdt}</arg>
</arguments>
<msg timestamp="20210319 14:19:48.127" level="INFO">Typing text '' into text field 'xpath://input[@type="tel"]'.</msg>
<status status="PASS" starttime="20210319 14:19:48.127" endtime="20210319 14:19:48.238"></status>
</kw>
<status status="PASS" starttime="20210319 14:19:48.126" endtime="20210319 14:19:48.239"></status>
</kw>
<kw name="Enter Password" library="Login_Page">
<arguments>
<arg>${password}</arg>
</arguments>
<kw name="Input Text" library="SeleniumLibrary">
<doc>Types the given ``text`` into the text field identified by ``locator``.</doc>
<arguments>
<arg>${LOGIN_PASSWORD}</arg>
<arg>${password}</arg>
</arguments>
<msg timestamp="20210319 14:19:48.240" level="INFO">Typing text '' into text field 'xpath://input[@type="password"]'.</msg>
<status status="PASS" starttime="20210319 14:19:48.240" endtime="20210319 14:19:48.295"></status>
</kw>
<status status="PASS" starttime="20210319 14:19:48.239" endtime="20210319 14:19:48.295"></status>
</kw>
<kw name="Login Button Should Be Disabled" library="Login_Page">
<kw name="Element Should Be Disabled" library="SeleniumLibrary">
<doc>Verifies that element identified by ``locator`` is disabled.</doc>
<arguments>
<arg>${LOGIN_LOG_IN_BUTTON}</arg>
</arguments>
<kw name="Capture Page Screenshot" library="SeleniumLibrary">
<doc>Takes a screenshot of the current page and embeds it into a log file.</doc>
<msg timestamp="20210319 14:19:48.782" level="INFO" html="yes">&lt;/td&gt;&lt;/tr&gt;&lt;tr&gt;&lt;td colspan="3"&gt;&lt;a href="selenium-screenshot-2.png"&gt;&lt;img src="selenium-screenshot-2.png" width="800px"&gt;&lt;/a&gt;</msg>
<status status="PASS" starttime="20210319 14:19:48.309" endtime="20210319 14:19:48.782"></status>
</kw>
<msg timestamp="20210319 14:19:48.783" level="FAIL">Element 'xpath://button[@type="submit"]' is enabled.</msg>
<status status="FAIL" starttime="20210319 14:19:48.296" endtime="20210319 14:19:48.783"></status>
</kw>
<status status="FAIL" starttime="20210319 14:19:48.296" endtime="20210319 14:19:48.783"></status>
</kw>
<status status="FAIL" starttime="20210319 14:19:48.125" endtime="20210319 14:19:48.783"></status>
</kw>
<kw name="Back To Home Page" type="teardown">
<kw name="Go To" library="SeleniumLibrary">
<doc>Navigates the current browser window to the provided ``url``.</doc>
<arguments>
<arg>${siteUrl}</arg>
</arguments>
<msg timestamp="20210319 14:19:48.784" level="INFO">Opening url 'https://www.chotot.com/'</msg>
<status status="PASS" starttime="20210319 14:19:48.784" endtime="20210319 14:19:49.831"></status>
</kw>
<status status="PASS" starttime="20210319 14:19:48.784" endtime="20210319 14:19:49.831"></status>
</kw>
<tags>
<tag>login</tag>
</tags>
<status status="FAIL" starttime="20210319 14:19:45.910" endtime="20210319 14:19:49.831" critical="yes">Several failures occurred:

1) Element 'xpath://button[@type="submit"]' is enabled.

2) Element 'xpath://button[@type="submit"]' is enabled.</status>
</test>
<test id="s1-s1-s1-s1-t5" name="Login With Valid Credentials">
<kw name="Go To Login Page" type="setup">
<kw name="Navigate To Login Page" library="Home_Page">
<kw name="Click Element" library="SeleniumLibrary">
<doc>Click the element identified by ``locator``.</doc>
<arguments>
<arg>${LOGIN_BUTTON}</arg>
</arguments>
<msg timestamp="20210319 14:19:49.835" level="INFO">Clicking element 'xpath://a[contains(@href,"https://accounts.chotot.com?continue")]'.</msg>
<status status="PASS" starttime="20210319 14:19:49.834" endtime="20210319 14:19:51.014"></status>
</kw>
<status status="PASS" starttime="20210319 14:19:49.834" endtime="20210319 14:19:51.014"></status>
</kw>
<kw name="Wait Until Page Contains" library="SeleniumLibrary">
<doc>Waits until ``text`` appears on the current page.</doc>
<arguments>
<arg>Chào bạn quay lại</arg>
</arguments>
<status status="PASS" starttime="20210319 14:19:51.014" endtime="20210319 14:19:51.022"></status>
</kw>
<status status="PASS" starttime="20210319 14:19:49.833" endtime="20210319 14:19:51.023"></status>
</kw>
<kw name="Enter SDT" library="Login_Page">
<arguments>
<arg>${SDT_VALID}</arg>
</arguments>
<kw name="Input Text" library="SeleniumLibrary">
<doc>Types the given ``text`` into the text field identified by ``locator``.</doc>
<arguments>
<arg>${LOGIN_SDT}</arg>
<arg>${sdt}</arg>
</arguments>
<msg timestamp="20210319 14:19:51.024" level="INFO">Typing text '0353312920' into text field 'xpath://input[@type="tel"]'.</msg>
<status status="PASS" starttime="20210319 14:19:51.023" endtime="20210319 14:19:51.173"></status>
</kw>
<status status="PASS" starttime="20210319 14:19:51.023" endtime="20210319 14:19:51.173"></status>
</kw>
<kw name="Enter Password" library="Login_Page">
<arguments>
<arg>${PWD_VALID}</arg>
</arguments>
<kw name="Input Text" library="SeleniumLibrary">
<doc>Types the given ``text`` into the text field identified by ``locator``.</doc>
<arguments>
<arg>${LOGIN_PASSWORD}</arg>
<arg>${password}</arg>
</arguments>
<msg timestamp="20210319 14:19:51.174" level="INFO">Typing text 'Binhan@1993' into text field 'xpath://input[@type="password"]'.</msg>
<status status="PASS" starttime="20210319 14:19:51.174" endtime="20210319 14:19:51.286"></status>
</kw>
<status status="PASS" starttime="20210319 14:19:51.173" endtime="20210319 14:19:51.287"></status>
</kw>
<kw name="Click Log In Button" library="Login_Page">
<kw name="Click Button" library="SeleniumLibrary">
<doc>Clicks the button identified by ``locator``.</doc>
<arguments>
<arg>${LOGIN_LOG_IN_BUTTON}</arg>
</arguments>
<msg timestamp="20210319 14:19:51.288" level="INFO">Clicking button 'xpath://button[@type="submit"]'.</msg>
<status status="PASS" starttime="20210319 14:19:51.288" endtime="20210319 14:19:51.376"></status>
</kw>
<status status="PASS" starttime="20210319 14:19:51.287" endtime="20210319 14:19:51.376"></status>
</kw>
<kw name="Wait Until Page Contains" library="SeleniumLibrary">
<doc>Waits until ``text`` appears on the current page.</doc>
<arguments>
<arg>${USER_NAME}</arg>
</arguments>
<status status="PASS" starttime="20210319 14:19:51.376" endtime="20210319 14:19:52.405"></status>
</kw>
<kw name="Page Should Contain" library="SeleniumLibrary">
<doc>Verifies that current page contains ``text``.</doc>
<arguments>
<arg>${USER_NAME}</arg>
</arguments>
<msg timestamp="20210319 14:19:52.414" level="INFO">Current page contains text 'Anh Ha'.</msg>
<status status="PASS" starttime="20210319 14:19:52.405" endtime="20210319 14:19:52.414"></status>
</kw>
<kw name="Back To Home Page" type="teardown">
<kw name="Go To" library="SeleniumLibrary">
<doc>Navigates the current browser window to the provided ``url``.</doc>
<arguments>
<arg>${siteUrl}</arg>
</arguments>
<msg timestamp="20210319 14:19:52.415" level="INFO">Opening url 'https://www.chotot.com/'</msg>
<status status="PASS" starttime="20210319 14:19:52.415" endtime="20210319 14:19:53.094"></status>
</kw>
<status status="PASS" starttime="20210319 14:19:52.415" endtime="20210319 14:19:53.094"></status>
</kw>
<tags>
<tag>login</tag>
</tags>
<status status="PASS" starttime="20210319 14:19:49.832" endtime="20210319 14:19:53.095" critical="yes"></status>
</test>
<kw name="Close All Browsers" library="SeleniumLibrary" type="teardown">
<doc>Closes all open browsers and resets the browser cache.</doc>
<status status="PASS" starttime="20210319 14:19:53.096" endtime="20210319 14:19:53.289"></status>
</kw>
<status status="FAIL" starttime="20210319 14:19:22.217" endtime="20210319 14:19:53.289"></status>
</suite>
<status status="FAIL" starttime="20210319 14:19:22.215" endtime="20210319 14:19:53.294"></status>
</suite>
<status status="FAIL" starttime="20210319 14:19:21.885" endtime="20210319 14:19:53.298"></status>
</suite>
<status status="FAIL" starttime="20210319 14:19:21.860" endtime="20210319 14:19:53.301"></status>
</suite>
<statistics>
<total>
<stat pass="4" fail="1">Critical Tests</stat>
<stat pass="4" fail="1">All Tests</stat>
</total>
<tag>
<stat pass="4" fail="1">login</stat>
</tag>
<suite>
<stat pass="4" fail="1" id="s1" name="Selenium Chotot">Selenium Chotot</stat>
<stat pass="4" fail="1" id="s1-s1" name="Tests">Selenium Chotot.Tests</stat>
<stat pass="4" fail="1" id="s1-s1-s1" name="Login">Selenium Chotot.Tests.Login</stat>
<stat pass="4" fail="1" id="s1-s1-s1-s1" name="Chotot Login">Selenium Chotot.Tests.Login.Chotot Login</stat>
</suite>
</statistics>
<errors>
<msg timestamp="20210319 14:19:35.204" level="WARN">Multiple test cases with name 'Verify Text Field Label' executed in test suite 'Selenium Chotot.Tests.Login.Chotot Login'.</msg>
</errors>
</robot>
